0 info it worked if it ends with ok
1 verbose cli [ '/usr/bin/node', '/usr/bin/npm', 'i', '-g', 'npm@6.1.4' ]
2 info using npm@3.5.2
3 info using node@v6.11.4
4 silly loadCurrentTree Starting
5 silly install loadCurrentTree
6 silly install readGlobalPackageData
7 silly fetchPackageMetaData npm@6.1.4
8 silly fetchNamedPackageData npm
9 silly mapToRegistry name npm
10 silly mapToRegistry using default registry
11 silly mapToRegistry registry https://registry.npmjs.org/
12 silly mapToRegistry uri https://registry.npmjs.org/npm
13 verbose request uri https://registry.npmjs.org/npm
14 verbose request no auth needed
15 info attempt registry request try #1 at 12:10:49 PM
16 verbose request id 52bfc1ebd154d178
17 verbose etag "819232ae9bba0c3d9339a84460665764"
18 verbose lastModified Wed, 29 Aug 2018 18:23:44 GMT
19 http request GET https://registry.npmjs.org/npm
20 http 304 https://registry.npmjs.org/npm
21 verbose headers { date: 'Wed, 21 Nov 2018 06:40:50 GMT',
21 verbose headers   connection: 'keep-alive',
21 verbose headers   'set-cookie': [ '__cfduid=d3511201e425598d753cda02eb50deb141542782449; expires=Thu, 21-Nov-19 06:40:49 GMT; path=/; domain=.registry.npmjs.org; HttpOnly' ],
21 verbose headers   'cf-cache-status': 'HIT',
21 verbose headers   'cache-control': 'max-age=300',
21 verbose headers   'cf-ray': '47d12ac789d48a4f-BOM',
21 verbose headers   etag: '"819232ae9bba0c3d9339a84460665764"',
21 verbose headers   'expect-ct': 'max-age=604800, report-uri="https://report-uri.cloudflare.com/cdn-cgi/beacon/expect-ct"',
21 verbose headers   'last-modified': 'Wed, 29 Aug 2018 18:23:44 GMT',
21 verbose headers   vary: 'accept-encoding, accept',
21 verbose headers   'x-amz-meta-rev': '1984-3da252d93ed0670df494eabc793a1b6c',
21 verbose headers   server: 'cloudflare' }
22 silly get cb [ 304,
22 silly get   { date: 'Wed, 21 Nov 2018 06:40:50 GMT',
22 silly get     connection: 'keep-alive',
22 silly get     'set-cookie': [ '__cfduid=d3511201e425598d753cda02eb50deb141542782449; expires=Thu, 21-Nov-19 06:40:49 GMT; path=/; domain=.registry.npmjs.org; HttpOnly' ],
22 silly get     'cf-cache-status': 'HIT',
22 silly get     'cache-control': 'max-age=300',
22 silly get     'cf-ray': '47d12ac789d48a4f-BOM',
22 silly get     etag: '"819232ae9bba0c3d9339a84460665764"',
22 silly get     'expect-ct': 'max-age=604800, report-uri="https://report-uri.cloudflare.com/cdn-cgi/beacon/expect-ct"',
22 silly get     'last-modified': 'Wed, 29 Aug 2018 18:23:44 GMT',
22 silly get     vary: 'accept-encoding, accept',
22 silly get     'x-amz-meta-rev': '1984-3da252d93ed0670df494eabc793a1b6c',
22 silly get     server: 'cloudflare' } ]
23 verbose etag https://registry.npmjs.org/npm from cache
24 verbose get saving npm to /root/.npm/registry.npmjs.org/npm/.cache.json
25 silly fetchPackageMetaData Error: No compatible version found: npm@6.1.4
25 silly fetchPackageMetaData Valid install targets:
25 silly fetchPackageMetaData 6.4.1, 6.4.1-next.0, 6.4.0, 6.4.0-next.0, 6.3.0, 6.3.0-next.0, 6.2.0, 6.2.0-next.1, 6.2.0-next.0, 6.1.0, 6.1.0-next.0, 6.0.1, 6.0.1-next.0, 6.0.0, 6.0.0-next.2, 6.0.0-next.1, 6.0.0-next.0, 5.10.0, 5.10.0-next.1, 5.10.0-next.0, 5.9.0-next.0, 5.8.0, 5.8.0-next.0, 5.7.1, 5.7.0, 5.6.0, 5.5.1, 5.5.0, 5.4.2, 5.4.1, 5.4.0, 5.3.0, 5.2.0, 5.1.0, 5.0.4, 5.0.3, 5.0.2, 5.0.1, 5.0.0, 4.6.1, 4.6.0, 4.5.0, 4.4.4, 4.4.3, 4.4.2, 4.4.1, 4.4.0, 4.3.0, 4.2.0, 4.1.2, 4.1.1, 4.1.0, 4.0.5, 4.0.3, 4.0.2, 4.0.1, 4.0.0, 3.10.10, 3.10.9, 3.10.8, 3.10.7, 3.10.6, 3.10.5, 3.10.4, 3.10.3, 3.10.2, 3.10.1, 3.10.0, 3.9.6, 3.9.5, 3.9.4, 3.9.3, 3.9.2, 3.9.1, 3.9.0, 3.8.9, 3.8.8, 3.8.7, 3.8.6, 3.8.5, 3.8.4, 3.8.3, 3.8.2, 3.8.1, 3.8.0, 3.7.5, 3.7.4, 3.7.3, 3.7.2, 3.7.1, 3.7.0, 3.6.0, 3.5.4, 3.5.3, 3.5.2, 3.5.1, 3.5.0, 3.4.1, 3.4.0, 3.3.12, 3.3.11, 3.3.10, 3.3.9, 3.3.8, 3.3.7, 3.3.6, 3.3.5, 3.3.4, 3.3.3, 3.3.2, 3.3.1, 3.3.0, 3.2.2, 3.2.1, 3.2.0, 3.1.3, 3.1.2, 3.1.1, 3.1.0, 3.0.0, 2.15.12, 2.15.11, 2.15.10, 2.15.9, 2.15.8, 2.15.7, 2.15.6, 2.15.5, 2.15.4, 2.15.3, 2.15.2, 2.15.1, 2.15.0, 2.14.22, 2.14.21, 2.14.20, 2.14.19, 2.14.18, 2.14.17, 2.14.16, 2.14.15, 2.14.14, 2.14.13, 2.14.12, 2.14.11, 2.14.10, 2.14.9, 2.14.8, 2.14.7, 2.14.6, 2.14.5, 2.14.4, 2.14.3, 2.14.2, 2.14.1, 2.14.0, 2.13.5, 2.13.4, 2.13.3, 2.13.2, 2.13.1, 2.13.0, 2.12.1, 2.12.0, 2.11.3, 2.11.2, 2.11.1, 2.11.0, 2.10.1, 2.10.0, 2.9.1, 2.9.0, 2.8.4, 2.8.3, 2.8.2, 2.8.1, 2.8.0, 2.7.6, 2.7.5, 2.7.4, 2.7.3, 2.7.2, 2.7.1, 2.7.0, 2.6.1, 2.6.0, 2.5.1, 2.5.0, 2.4.1, 2.4.0, 2.3.0, 2.2.0, 2.1.18, 2.1.17, 2.1.16, 2.1.15, 2.1.14, 2.1.13, 2.1.12, 2.1.11, 2.1.10, 2.1.9, 2.1.8, 2.1.7, 2.1.6, 2.1.5, 2.1.4, 2.1.3, 2.1.2, 2.1.1, 2.1.0, 2.0.2, 2.0.1, 2.0.0, 2.0.0-beta.3, 2.0.0-beta.2, 2.0.0-beta.1, 2.0.0-beta.0, 2.0.0-alpha-5, 2.0.0-alpha.7, 2.0.0-alpha.6.0, 2.0.0-alpha.6, 1.5.0-alpha-4, 1.5.0-alpha-3, 1.5.0-alpha-2, 1.5.0-alpha-1, 1.5.0-alpha-0, 1.4.29, 1.4.28, 1.4.27, 1.4.26, 1.4.25, 1.4.24, 1.4.23, 1.4.22, 1.4.21, 1.4.20, 1.4.19, 1.4.18, 1.4.17, 1.4.16, 1.4.15, 1.4.14, 1.4.13, 1.4.12, 1.4.11, 1.4.10, 1.4.9, 1.4.8, 1.4.7, 1.4.6, 1.4.5, 1.4.4, 1.4.3, 1.4.2, 1.4.1, 1.4.0, 1.3.26, 1.3.25, 1.3.24, 1.3.23, 1.3.22, 1.3.21, 1.3.20, 1.3.18, 1.3.17, 1.3.16, 1.3.15, 1.3.14, 1.3.13, 1.3.12, 1.3.11, 1.3.10, 1.3.9, 1.3.8, 1.3.7, 1.3.6, 1.3.5, 1.3.4, 1.3.2, 1.3.1, 1.3.0, 1.2.8000, 1.2.32, 1.2.31, 1.2.30, 1.2.28, 1.2.27, 1.2.25, 1.2.24, 1.2.23, 1.2.22, 1.2.21, 1.2.20, 1.2.19, 1.1.71, 1.1.70, 1.1.25
25 silly fetchPackageMetaData
25 silly fetchPackageMetaData     at pickVersionFromRegistryDocument (/usr/share/npm/lib/fetch-package-metadata.js:156:16)
25 silly fetchPackageMetaData     at /usr/share/npm/node_modules/iferr/index.js:13:50
25 silly fetchPackageMetaData     at /usr/share/npm/lib/utils/pulse-till-done.js:19:8
25 silly fetchPackageMetaData     at saved (/usr/share/npm/lib/cache/caching-client.js:168:7)
25 silly fetchPackageMetaData     at /usr/share/npm/node_modules/graceful-fs/polyfills.js:210:7
25 silly fetchPackageMetaData     at FSReqWrap.oncomplete (fs.js:123:15)
25 silly fetchPackageMetaData  error for npm@6.1.4 Error: No compatible version found: npm@6.1.4
25 silly fetchPackageMetaData Valid install targets:
25 silly fetchPackageMetaData 6.4.1, 6.4.1-next.0, 6.4.0, 6.4.0-next.0, 6.3.0, 6.3.0-next.0, 6.2.0, 6.2.0-next.1, 6.2.0-next.0, 6.1.0, 6.1.0-next.0, 6.0.1, 6.0.1-next.0, 6.0.0, 6.0.0-next.2, 6.0.0-next.1, 6.0.0-next.0, 5.10.0, 5.10.0-next.1, 5.10.0-next.0, 5.9.0-next.0, 5.8.0, 5.8.0-next.0, 5.7.1, 5.7.0, 5.6.0, 5.5.1, 5.5.0, 5.4.2, 5.4.1, 5.4.0, 5.3.0, 5.2.0, 5.1.0, 5.0.4, 5.0.3, 5.0.2, 5.0.1, 5.0.0, 4.6.1, 4.6.0, 4.5.0, 4.4.4, 4.4.3, 4.4.2, 4.4.1, 4.4.0, 4.3.0, 4.2.0, 4.1.2, 4.1.1, 4.1.0, 4.0.5, 4.0.3, 4.0.2, 4.0.1, 4.0.0, 3.10.10, 3.10.9, 3.10.8, 3.10.7, 3.10.6, 3.10.5, 3.10.4, 3.10.3, 3.10.2, 3.10.1, 3.10.0, 3.9.6, 3.9.5, 3.9.4, 3.9.3, 3.9.2, 3.9.1, 3.9.0, 3.8.9, 3.8.8, 3.8.7, 3.8.6, 3.8.5, 3.8.4, 3.8.3, 3.8.2, 3.8.1, 3.8.0, 3.7.5, 3.7.4, 3.7.3, 3.7.2, 3.7.1, 3.7.0, 3.6.0, 3.5.4, 3.5.3, 3.5.2, 3.5.1, 3.5.0, 3.4.1, 3.4.0, 3.3.12, 3.3.11, 3.3.10, 3.3.9, 3.3.8, 3.3.7, 3.3.6, 3.3.5, 3.3.4, 3.3.3, 3.3.2, 3.3.1, 3.3.0, 3.2.2, 3.2.1, 3.2.0, 3.1.3, 3.1.2, 3.1.1, 3.1.0, 3.0.0, 2.15.12, 2.15.11, 2.15.10, 2.15.9, 2.15.8, 2.15.7, 2.15.6, 2.15.5, 2.15.4, 2.15.3, 2.15.2, 2.15.1, 2.15.0, 2.14.22, 2.14.21, 2.14.20, 2.14.19, 2.14.18, 2.14.17, 2.14.16, 2.14.15, 2.14.14, 2.14.13, 2.14.12, 2.14.11, 2.14.10, 2.14.9, 2.14.8, 2.14.7, 2.14.6, 2.14.5, 2.14.4, 2.14.3, 2.14.2, 2.14.1, 2.14.0, 2.13.5, 2.13.4, 2.13.3, 2.13.2, 2.13.1, 2.13.0, 2.12.1, 2.12.0, 2.11.3, 2.11.2, 2.11.1, 2.11.0, 2.10.1, 2.10.0, 2.9.1, 2.9.0, 2.8.4, 2.8.3, 2.8.2, 2.8.1, 2.8.0, 2.7.6, 2.7.5, 2.7.4, 2.7.3, 2.7.2, 2.7.1, 2.7.0, 2.6.1, 2.6.0, 2.5.1, 2.5.0, 2.4.1, 2.4.0, 2.3.0, 2.2.0, 2.1.18, 2.1.17, 2.1.16, 2.1.15, 2.1.14, 2.1.13, 2.1.12, 2.1.11, 2.1.10, 2.1.9, 2.1.8, 2.1.7, 2.1.6, 2.1.5, 2.1.4, 2.1.3, 2.1.2, 2.1.1, 2.1.0, 2.0.2, 2.0.1, 2.0.0, 2.0.0-beta.3, 2.0.0-beta.2, 2.0.0-beta.1, 2.0.0-beta.0, 2.0.0-alpha-5, 2.0.0-alpha.7, 2.0.0-alpha.6.0, 2.0.0-alpha.6, 1.5.0-alpha-4, 1.5.0-alpha-3, 1.5.0-alpha-2, 1.5.0-alpha-1, 1.5.0-alpha-0, 1.4.29, 1.4.28, 1.4.27, 1.4.26, 1.4.25, 1.4.24, 1.4.23, 1.4.22, 1.4.21, 1.4.20, 1.4.19, 1.4.18, 1.4.17, 1.4.16, 1.4.15, 1.4.14, 1.4.13, 1.4.12, 1.4.11, 1.4.10, 1.4.9, 1.4.8, 1.4.7, 1.4.6, 1.4.5, 1.4.4, 1.4.3, 1.4.2, 1.4.1, 1.4.0, 1.3.26, 1.3.25, 1.3.24, 1.3.23, 1.3.22, 1.3.21, 1.3.20, 1.3.18, 1.3.17, 1.3.16, 1.3.15, 1.3.14, 1.3.13, 1.3.12, 1.3.11, 1.3.10, 1.3.9, 1.3.8, 1.3.7, 1.3.6, 1.3.5, 1.3.4, 1.3.2, 1.3.1, 1.3.0, 1.2.8000, 1.2.32, 1.2.31, 1.2.30, 1.2.28, 1.2.27, 1.2.25, 1.2.24, 1.2.23, 1.2.22, 1.2.21, 1.2.20, 1.2.19, 1.1.71, 1.1.70, 1.1.25
25 silly fetchPackageMetaData
25 silly fetchPackageMetaData     at pickVersionFromRegistryDocument (/usr/share/npm/lib/fetch-package-metadata.js:156:16)
25 silly fetchPackageMetaData     at /usr/share/npm/node_modules/iferr/index.js:13:50
25 silly fetchPackageMetaData     at /usr/share/npm/lib/utils/pulse-till-done.js:19:8
25 silly fetchPackageMetaData     at saved (/usr/share/npm/lib/cache/caching-client.js:168:7)
25 silly fetchPackageMetaData     at /usr/share/npm/node_modules/graceful-fs/polyfills.js:210:7
25 silly fetchPackageMetaData     at FSReqWrap.oncomplete (fs.js:123:15)
26 silly rollbackFailedOptional Starting
27 silly rollbackFailedOptional Finishing
28 silly runTopLevelLifecycles Starting
29 silly runTopLevelLifecycles Finishing
30 silly install printInstalled
31 verbose stack Error: No compatible version found: npm@6.1.4
31 verbose stack Valid install targets:
31 verbose stack 6.4.1, 6.4.1-next.0, 6.4.0, 6.4.0-next.0, 6.3.0, 6.3.0-next.0, 6.2.0, 6.2.0-next.1, 6.2.0-next.0, 6.1.0, 6.1.0-next.0, 6.0.1, 6.0.1-next.0, 6.0.0, 6.0.0-next.2, 6.0.0-next.1, 6.0.0-next.0, 5.10.0, 5.10.0-next.1, 5.10.0-next.0, 5.9.0-next.0, 5.8.0, 5.8.0-next.0, 5.7.1, 5.7.0, 5.6.0, 5.5.1, 5.5.0, 5.4.2, 5.4.1, 5.4.0, 5.3.0, 5.2.0, 5.1.0, 5.0.4, 5.0.3, 5.0.2, 5.0.1, 5.0.0, 4.6.1, 4.6.0, 4.5.0, 4.4.4, 4.4.3, 4.4.2, 4.4.1, 4.4.0, 4.3.0, 4.2.0, 4.1.2, 4.1.1, 4.1.0, 4.0.5, 4.0.3, 4.0.2, 4.0.1, 4.0.0, 3.10.10, 3.10.9, 3.10.8, 3.10.7, 3.10.6, 3.10.5, 3.10.4, 3.10.3, 3.10.2, 3.10.1, 3.10.0, 3.9.6, 3.9.5, 3.9.4, 3.9.3, 3.9.2, 3.9.1, 3.9.0, 3.8.9, 3.8.8, 3.8.7, 3.8.6, 3.8.5, 3.8.4, 3.8.3, 3.8.2, 3.8.1, 3.8.0, 3.7.5, 3.7.4, 3.7.3, 3.7.2, 3.7.1, 3.7.0, 3.6.0, 3.5.4, 3.5.3, 3.5.2, 3.5.1, 3.5.0, 3.4.1, 3.4.0, 3.3.12, 3.3.11, 3.3.10, 3.3.9, 3.3.8, 3.3.7, 3.3.6, 3.3.5, 3.3.4, 3.3.3, 3.3.2, 3.3.1, 3.3.0, 3.2.2, 3.2.1, 3.2.0, 3.1.3, 3.1.2, 3.1.1, 3.1.0, 3.0.0, 2.15.12, 2.15.11, 2.15.10, 2.15.9, 2.15.8, 2.15.7, 2.15.6, 2.15.5, 2.15.4, 2.15.3, 2.15.2, 2.15.1, 2.15.0, 2.14.22, 2.14.21, 2.14.20, 2.14.19, 2.14.18, 2.14.17, 2.14.16, 2.14.15, 2.14.14, 2.14.13, 2.14.12, 2.14.11, 2.14.10, 2.14.9, 2.14.8, 2.14.7, 2.14.6, 2.14.5, 2.14.4, 2.14.3, 2.14.2, 2.14.1, 2.14.0, 2.13.5, 2.13.4, 2.13.3, 2.13.2, 2.13.1, 2.13.0, 2.12.1, 2.12.0, 2.11.3, 2.11.2, 2.11.1, 2.11.0, 2.10.1, 2.10.0, 2.9.1, 2.9.0, 2.8.4, 2.8.3, 2.8.2, 2.8.1, 2.8.0, 2.7.6, 2.7.5, 2.7.4, 2.7.3, 2.7.2, 2.7.1, 2.7.0, 2.6.1, 2.6.0, 2.5.1, 2.5.0, 2.4.1, 2.4.0, 2.3.0, 2.2.0, 2.1.18, 2.1.17, 2.1.16, 2.1.15, 2.1.14, 2.1.13, 2.1.12, 2.1.11, 2.1.10, 2.1.9, 2.1.8, 2.1.7, 2.1.6, 2.1.5, 2.1.4, 2.1.3, 2.1.2, 2.1.1, 2.1.0, 2.0.2, 2.0.1, 2.0.0, 2.0.0-beta.3, 2.0.0-beta.2, 2.0.0-beta.1, 2.0.0-beta.0, 2.0.0-alpha-5, 2.0.0-alpha.7, 2.0.0-alpha.6.0, 2.0.0-alpha.6, 1.5.0-alpha-4, 1.5.0-alpha-3, 1.5.0-alpha-2, 1.5.0-alpha-1, 1.5.0-alpha-0, 1.4.29, 1.4.28, 1.4.27, 1.4.26, 1.4.25, 1.4.24, 1.4.23, 1.4.22, 1.4.21, 1.4.20, 1.4.19, 1.4.18, 1.4.17, 1.4.16, 1.4.15, 1.4.14, 1.4.13, 1.4.12, 1.4.11, 1.4.10, 1.4.9, 1.4.8, 1.4.7, 1.4.6, 1.4.5, 1.4.4, 1.4.3, 1.4.2, 1.4.1, 1.4.0, 1.3.26, 1.3.25, 1.3.24, 1.3.23, 1.3.22, 1.3.21, 1.3.20, 1.3.18, 1.3.17, 1.3.16, 1.3.15, 1.3.14, 1.3.13, 1.3.12, 1.3.11, 1.3.10, 1.3.9, 1.3.8, 1.3.7, 1.3.6, 1.3.5, 1.3.4, 1.3.2, 1.3.1, 1.3.0, 1.2.8000, 1.2.32, 1.2.31, 1.2.30, 1.2.28, 1.2.27, 1.2.25, 1.2.24, 1.2.23, 1.2.22, 1.2.21, 1.2.20, 1.2.19, 1.1.71, 1.1.70, 1.1.25
31 verbose stack
31 verbose stack     at pickVersionFromRegistryDocument (/usr/share/npm/lib/fetch-package-metadata.js:156:16)
31 verbose stack     at /usr/share/npm/node_modules/iferr/index.js:13:50
31 verbose stack     at /usr/share/npm/lib/utils/pulse-till-done.js:19:8
31 verbose stack     at saved (/usr/share/npm/lib/cache/caching-client.js:168:7)
31 verbose stack     at /usr/share/npm/node_modules/graceful-fs/polyfills.js:210:7
31 verbose stack     at FSReqWrap.oncomplete (fs.js:123:15)
32 verbose cwd /opt/lampp/htdocs/1design
33 error Linux 4.13.0-46-generic
34 error argv "/usr/bin/node" "/usr/bin/npm" "i" "-g" "npm@6.1.4"
35 error node v6.11.4
36 error npm  v3.5.2
37 error No compatible version found: npm@6.1.4
37 error Valid install targets:
37 error 6.4.1, 6.4.1-next.0, 6.4.0, 6.4.0-next.0, 6.3.0, 6.3.0-next.0, 6.2.0, 6.2.0-next.1, 6.2.0-next.0, 6.1.0, 6.1.0-next.0, 6.0.1, 6.0.1-next.0, 6.0.0, 6.0.0-next.2, 6.0.0-next.1, 6.0.0-next.0, 5.10.0, 5.10.0-next.1, 5.10.0-next.0, 5.9.0-next.0, 5.8.0, 5.8.0-next.0, 5.7.1, 5.7.0, 5.6.0, 5.5.1, 5.5.0, 5.4.2, 5.4.1, 5.4.0, 5.3.0, 5.2.0, 5.1.0, 5.0.4, 5.0.3, 5.0.2, 5.0.1, 5.0.0, 4.6.1, 4.6.0, 4.5.0, 4.4.4, 4.4.3, 4.4.2, 4.4.1, 4.4.0, 4.3.0, 4.2.0, 4.1.2, 4.1.1, 4.1.0, 4.0.5, 4.0.3, 4.0.2, 4.0.1, 4.0.0, 3.10.10, 3.10.9, 3.10.8, 3.10.7, 3.10.6, 3.10.5, 3.10.4, 3.10.3, 3.10.2, 3.10.1, 3.10.0, 3.9.6, 3.9.5, 3.9.4, 3.9.3, 3.9.2, 3.9.1, 3.9.0, 3.8.9, 3.8.8, 3.8.7, 3.8.6, 3.8.5, 3.8.4, 3.8.3, 3.8.2, 3.8.1, 3.8.0, 3.7.5, 3.7.4, 3.7.3, 3.7.2, 3.7.1, 3.7.0, 3.6.0, 3.5.4, 3.5.3, 3.5.2, 3.5.1, 3.5.0, 3.4.1, 3.4.0, 3.3.12, 3.3.11, 3.3.10, 3.3.9, 3.3.8, 3.3.7, 3.3.6, 3.3.5, 3.3.4, 3.3.3, 3.3.2, 3.3.1, 3.3.0, 3.2.2, 3.2.1, 3.2.0, 3.1.3, 3.1.2, 3.1.1, 3.1.0, 3.0.0, 2.15.12, 2.15.11, 2.15.10, 2.15.9, 2.15.8, 2.15.7, 2.15.6, 2.15.5, 2.15.4, 2.15.3, 2.15.2, 2.15.1, 2.15.0, 2.14.22, 2.14.21, 2.14.20, 2.14.19, 2.14.18, 2.14.17, 2.14.16, 2.14.15, 2.14.14, 2.14.13, 2.14.12, 2.14.11, 2.14.10, 2.14.9, 2.14.8, 2.14.7, 2.14.6, 2.14.5, 2.14.4, 2.14.3, 2.14.2, 2.14.1, 2.14.0, 2.13.5, 2.13.4, 2.13.3, 2.13.2, 2.13.1, 2.13.0, 2.12.1, 2.12.0, 2.11.3, 2.11.2, 2.11.1, 2.11.0, 2.10.1, 2.10.0, 2.9.1, 2.9.0, 2.8.4, 2.8.3, 2.8.2, 2.8.1, 2.8.0, 2.7.6, 2.7.5, 2.7.4, 2.7.3, 2.7.2, 2.7.1, 2.7.0, 2.6.1, 2.6.0, 2.5.1, 2.5.0, 2.4.1, 2.4.0, 2.3.0, 2.2.0, 2.1.18, 2.1.17, 2.1.16, 2.1.15, 2.1.14, 2.1.13, 2.1.12, 2.1.11, 2.1.10, 2.1.9, 2.1.8, 2.1.7, 2.1.6, 2.1.5, 2.1.4, 2.1.3, 2.1.2, 2.1.1, 2.1.0, 2.0.2, 2.0.1, 2.0.0, 2.0.0-beta.3, 2.0.0-beta.2, 2.0.0-beta.1, 2.0.0-beta.0, 2.0.0-alpha-5, 2.0.0-alpha.7, 2.0.0-alpha.6.0, 2.0.0-alpha.6, 1.5.0-alpha-4, 1.5.0-alpha-3, 1.5.0-alpha-2, 1.5.0-alpha-1, 1.5.0-alpha-0, 1.4.29, 1.4.28, 1.4.27, 1.4.26, 1.4.25, 1.4.24, 1.4.23, 1.4.22, 1.4.21, 1.4.20, 1.4.19, 1.4.18, 1.4.17, 1.4.16, 1.4.15, 1.4.14, 1.4.13, 1.4.12, 1.4.11, 1.4.10, 1.4.9, 1.4.8, 1.4.7, 1.4.6, 1.4.5, 1.4.4, 1.4.3, 1.4.2, 1.4.1, 1.4.0, 1.3.26, 1.3.25, 1.3.24, 1.3.23, 1.3.22, 1.3.21, 1.3.20, 1.3.18, 1.3.17, 1.3.16, 1.3.15, 1.3.14, 1.3.13, 1.3.12, 1.3.11, 1.3.10, 1.3.9, 1.3.8, 1.3.7, 1.3.6, 1.3.5, 1.3.4, 1.3.2, 1.3.1, 1.3.0, 1.2.8000, 1.2.32, 1.2.31, 1.2.30, 1.2.28, 1.2.27, 1.2.25, 1.2.24, 1.2.23, 1.2.22, 1.2.21, 1.2.20, 1.2.19, 1.1.71, 1.1.70, 1.1.25
38 error If you need help, you may report this error at:
38 error     <https://github.com/npm/npm/issues>
39 verbose exit [ 1, true ]
